2016-04-03 16:01:36.691 b.s.u.Utils [INFO] Using defaults.yaml from resources
2016-04-03 16:01:37.111 b.s.u.Utils [INFO] Using storm.yaml from resources
2016-04-03 16:01:43.052 b.s.u.Utils [INFO] Using defaults.yaml from resources
2016-04-03 16:01:43.129 b.s.u.Utils [INFO] Using storm.yaml from resources
2016-04-03 16:01:43.951 o.a.s.s.o.e.j.s.Server [INFO] jetty-7.x.y-SNAPSHOT
2016-04-03 16:01:44.116 o.a.s.s.o.e.j.s.h.ContextHandler [INFO] started o.a.s.s.o.e.j.s.ServletContextHandler{/,null}
2016-04-03 16:01:44.192 o.a.s.s.o.e.j.s.AbstractConnector [INFO] Started SelectChannelConnector@0.0.0.0:8080
2016-04-03 18:58:21.019 b.s.u.Utils [INFO] Using defaults.yaml from resources
2016-04-03 18:58:21.268 b.s.u.Utils [INFO] Using storm.yaml from resources
2016-04-03 18:58:25.349 b.s.u.Utils [INFO] Using defaults.yaml from resources
2016-04-03 18:58:25.391 b.s.u.Utils [INFO] Using storm.yaml from resources
2016-04-03 18:58:25.913 o.a.s.s.o.e.j.s.Server [INFO] jetty-7.x.y-SNAPSHOT
2016-04-03 18:58:26.084 o.a.s.s.o.e.j.s.h.ContextHandler [INFO] started o.a.s.s.o.e.j.s.ServletContextHandler{/,null}
2016-04-03 18:58:26.139 o.a.s.s.o.e.j.s.AbstractConnector [INFO] Started SelectChannelConnector@0.0.0.0:8080
2016-04-03 19:19:44.785 b.s.u.Utils [INFO] Using defaults.yaml from resources
2016-04-03 19:19:45.029 b.s.u.Utils [INFO] Using storm.yaml from resources
2016-04-03 19:19:48.431 b.s.u.Utils [INFO] Using defaults.yaml from resources
2016-04-03 19:19:48.471 b.s.u.Utils [INFO] Using storm.yaml from resources
2016-04-03 19:19:48.957 o.a.s.s.o.e.j.s.Server [INFO] jetty-7.x.y-SNAPSHOT
2016-04-03 19:19:49.103 o.a.s.s.o.e.j.s.h.ContextHandler [INFO] started o.a.s.s.o.e.j.s.ServletContextHandler{/,null}
2016-04-03 19:19:49.159 o.a.s.s.o.e.j.s.AbstractConnector [INFO] Started SelectChannelConnector@0.0.0.0:8080
2016-04-03 19:24:42.853 b.s.thrift [INFO] Connecting to Nimbus at nimbus1:6627 as user: 
2016-04-03 19:24:42.845 b.s.thrift [INFO] Connecting to Nimbus at nimbus1:6627 as user: 
2016-04-03 19:24:42.847 b.s.thrift [INFO] Connecting to Nimbus at nimbus1:6627 as user: 
2016-04-03 19:24:42.845 b.s.thrift [INFO] Connecting to Nimbus at nimbus1:6627 as user: 
2016-04-03 19:24:42.871 b.s.u.Utils [INFO] Using defaults.yaml from resources
2016-04-03 19:24:42.871 b.s.u.Utils [INFO] Using defaults.yaml from resources
2016-04-03 19:24:42.872 b.s.u.Utils [INFO] Using defaults.yaml from resources
2016-04-03 19:24:42.873 b.s.u.Utils [INFO] Using defaults.yaml from resources
2016-04-03 19:24:43.050 b.s.u.Utils [INFO] Using storm.yaml from resources
2016-04-03 19:24:43.152 b.s.u.Utils [INFO] Using storm.yaml from resources
2016-04-03 19:24:43.174 b.s.u.Utils [INFO] Using storm.yaml from resources
2016-04-03 19:24:43.215 b.s.u.Utils [INFO] Using storm.yaml from resources
2016-04-03 19:24:43.302 b.s.u.StormBoundedExponentialBackoffRetry [INFO] The baseSleepTimeMs [2000] the maxSleepTimeMs [60000] the maxRetries [5]
2016-04-03 19:24:43.303 b.s.u.StormBoundedExponentialBackoffRetry [INFO] The baseSleepTimeMs [2000] the maxSleepTimeMs [60000] the maxRetries [5]
2016-04-03 19:24:43.304 b.s.u.StormBoundedExponentialBackoffRetry [INFO] The baseSleepTimeMs [2000] the maxSleepTimeMs [60000] the maxRetries [5]
2016-04-03 19:24:43.316 b.s.u.StormBoundedExponentialBackoffRetry [INFO] The baseSleepTimeMs [2000] the maxSleepTimeMs [60000] the maxRetries [5]
2016-04-03 19:25:10.579 b.s.thrift [INFO] Connecting to Nimbus at nimbus1:6627 as user: 
2016-04-03 19:25:10.586 b.s.u.Utils [INFO] Using defaults.yaml from resources
2016-04-03 19:25:10.623 b.s.thrift [INFO] Connecting to Nimbus at nimbus1:6627 as user: 
2016-04-03 19:25:10.628 b.s.thrift [INFO] Connecting to Nimbus at nimbus1:6627 as user: 
2016-04-03 19:25:10.624 b.s.thrift [INFO] Connecting to Nimbus at nimbus1:6627 as user: 
2016-04-03 19:25:10.634 b.s.u.Utils [INFO] Using defaults.yaml from resources
2016-04-03 19:25:10.648 b.s.u.Utils [INFO] Using defaults.yaml from resources
2016-04-03 19:25:10.652 b.s.u.Utils [INFO] Using defaults.yaml from resources
2016-04-03 19:25:10.748 b.s.u.Utils [INFO] Using storm.yaml from resources
2016-04-03 19:25:10.758 b.s.u.Utils [INFO] Using storm.yaml from resources
2016-04-03 19:25:10.790 b.s.u.Utils [INFO] Using storm.yaml from resources
2016-04-03 19:25:10.792 b.s.u.StormBoundedExponentialBackoffRetry [INFO] The baseSleepTimeMs [2000] the maxSleepTimeMs [60000] the maxRetries [5]
2016-04-03 19:25:10.792 b.s.u.Utils [INFO] Using storm.yaml from resources
2016-04-03 19:25:10.808 b.s.u.StormBoundedExponentialBackoffRetry [INFO] The baseSleepTimeMs [2000] the maxSleepTimeMs [60000] the maxRetries [5]
2016-04-03 19:25:10.849 b.s.u.StormBoundedExponentialBackoffRetry [INFO] The baseSleepTimeMs [2000] the maxSleepTimeMs [60000] the maxRetries [5]
2016-04-03 19:25:10.849 b.s.u.StormBoundedExponentialBackoffRetry [INFO] The baseSleepTimeMs [2000] the maxSleepTimeMs [60000] the maxRetries [5]
2016-04-03 19:31:41.837 b.s.thrift [INFO] Connecting to Nimbus at nimbus1:6627 as user: 
2016-04-03 19:31:41.842 b.s.thrift [INFO] Connecting to Nimbus at nimbus1:6627 as user: 
2016-04-03 19:31:41.847 b.s.thrift [INFO] Connecting to Nimbus at nimbus1:6627 as user: 
2016-04-03 19:31:41.845 b.s.thrift [INFO] Connecting to Nimbus at nimbus1:6627 as user: 
2016-04-03 19:31:41.852 b.s.u.Utils [INFO] Using defaults.yaml from resources
2016-04-03 19:31:41.852 b.s.u.Utils [INFO] Using defaults.yaml from resources
2016-04-03 19:31:41.856 b.s.u.Utils [INFO] Using defaults.yaml from resources
2016-04-03 19:31:41.856 b.s.u.Utils [INFO] Using defaults.yaml from resources
2016-04-03 19:31:41.994 b.s.u.Utils [INFO] Using storm.yaml from resources
2016-04-03 19:31:42.002 b.s.u.Utils [INFO] Using storm.yaml from resources
2016-04-03 19:31:42.008 b.s.u.Utils [INFO] Using storm.yaml from resources
2016-04-03 19:31:42.021 b.s.u.Utils [INFO] Using storm.yaml from resources
2016-04-03 19:31:42.050 b.s.u.StormBoundedExponentialBackoffRetry [INFO] The baseSleepTimeMs [2000] the maxSleepTimeMs [60000] the maxRetries [5]
2016-04-03 19:31:42.085 b.s.u.StormBoundedExponentialBackoffRetry [INFO] The baseSleepTimeMs [2000] the maxSleepTimeMs [60000] the maxRetries [5]
2016-04-03 19:31:42.088 b.s.u.StormBoundedExponentialBackoffRetry [INFO] The baseSleepTimeMs [2000] the maxSleepTimeMs [60000] the maxRetries [5]
2016-04-03 19:31:42.100 b.s.u.StormBoundedExponentialBackoffRetry [INFO] The baseSleepTimeMs [2000] the maxSleepTimeMs [60000] the maxRetries [5]
