[2016-04-11 04:12:39,651] INFO [Controller 0]: Controller starting up (kafka.controller.KafkaController)
[2016-04-11 04:12:39,788] INFO [Controller 0]: Broker 0 starting become controller state transition (kafka.controller.KafkaController)
[2016-04-11 04:12:39,813] INFO [Controller 0]: Initialized controller epoch to 2 and zk version 1 (kafka.controller.KafkaController)
[2016-04-11 04:12:39,859] INFO [Controller 0]: Controller 0 incremented epoch to 3 (kafka.controller.KafkaController)
[2016-04-11 04:12:40,071] INFO [Controller 0]: Partitions undergoing preferred replica election:  (kafka.controller.KafkaController)
[2016-04-11 04:12:40,074] INFO [Controller 0]: Partitions that completed preferred replica election:  (kafka.controller.KafkaController)
[2016-04-11 04:12:40,077] INFO [Controller 0]: Resuming preferred replica election for partitions:  (kafka.controller.KafkaController)
[2016-04-11 04:12:40,168] INFO [Controller 0]: Partitions being reassigned: Map() (kafka.controller.KafkaController)
[2016-04-11 04:12:40,176] INFO [Controller 0]: Partitions already reassigned: List() (kafka.controller.KafkaController)
[2016-04-11 04:12:40,187] INFO [Controller 0]: Resuming reassignment of partitions: Map() (kafka.controller.KafkaController)
[2016-04-11 04:12:40,240] INFO [Controller 0]: List of topics to be deleted:  (kafka.controller.KafkaController)
[2016-04-11 04:12:40,244] INFO [Controller 0]: List of topics ineligible for deletion: iotdogs (kafka.controller.KafkaController)
[2016-04-11 04:12:40,255] INFO [Controller 0]: Currently active brokers in the cluster: Set() (kafka.controller.KafkaController)
[2016-04-11 04:12:40,258] INFO [Controller 0]: Currently shutting brokers in the cluster: Set() (kafka.controller.KafkaController)
[2016-04-11 04:12:40,260] INFO [Controller 0]: Current list of topics in the cluster: Set(iotdogs) (kafka.controller.KafkaController)
[2016-04-11 04:12:40,285] INFO [Replica state machine on controller 0]: Started replica state machine with initial state -> Map([Topic=iotdogs,Partition=0,Replica=0] -> ReplicaDeletionIneligible) (kafka.controller.ReplicaStateMachine)
[2016-04-11 04:12:40,368] DEBUG [OfflinePartitionLeaderSelector]: No broker in ISR is alive for [iotdogs,0]. Pick the leader from the alive assigned replicas:  (kafka.controller.OfflinePartitionLeaderSelector)
[2016-04-11 04:12:40,403] INFO [Partition state machine on Controller 0]: Started partition state machine with initial state -> Map([iotdogs,0] -> OfflinePartition) (kafka.controller.PartitionStateMachine)
[2016-04-11 04:12:40,412] INFO [Controller 0]: Broker 0 is ready to serve as the new controller with epoch 3 (kafka.controller.KafkaController)
[2016-04-11 04:12:40,418] INFO [Controller 0]: Starting preferred replica leader election for partitions  (kafka.controller.KafkaController)
[2016-04-11 04:12:40,421] INFO [Partition state machine on Controller 0]: Invoking state change to OnlinePartition for partitions  (kafka.controller.PartitionStateMachine)
[2016-04-11 04:12:40,456] INFO [Controller 0]: starting the partition rebalance scheduler (kafka.controller.KafkaController)
[2016-04-11 04:12:40,460] INFO [Controller 0]: Controller startup complete (kafka.controller.KafkaController)
[2016-04-11 04:12:40,536] INFO [BrokerChangeListener on Controller 0]: Broker change listener fired for path /brokers/ids with children 0 (kafka.controller.ReplicaStateMachine$BrokerChangeListener)
[2016-04-11 04:12:40,703] INFO [BrokerChangeListener on Controller 0]: Newly added brokers: 0, deleted brokers: , all live brokers: 0 (kafka.controller.ReplicaStateMachine$BrokerChangeListener)
[2016-04-11 04:12:40,711] DEBUG [Channel manager on controller 0]: Controller 0 trying to connect to broker 0 (kafka.controller.ControllerChannelManager)
[2016-04-11 04:12:40,749] INFO [Controller-0-to-broker-0-send-thread], Controller 0 connected to id:0,host:38335708ef71,port:9092 for sending state change requests (kafka.controller.RequestSendThread)
[2016-04-11 04:12:40,763] INFO [Controller-0-to-broker-0-send-thread], Starting  (kafka.controller.RequestSendThread)
[2016-04-11 04:12:40,768] INFO [Controller 0]: New broker startup callback for 0 (kafka.controller.KafkaController)
[2016-04-11 04:12:40,877] INFO [Replica state machine on controller 0]: Invoking state change to OnlineReplica for replicas [Topic=iotdogs,Partition=0,Replica=0] (kafka.controller.ReplicaStateMachine)
[2016-04-11 04:12:41,000] DEBUG [OfflinePartitionLeaderSelector]: Some broker in ISR is alive for [iotdogs,0]. Select 0 from ISR 0 to be the leader. (kafka.controller.OfflinePartitionLeaderSelector)
[2016-04-11 04:12:41,026] INFO [OfflinePartitionLeaderSelector]: Selected new leader and ISR {"leader":0,"leader_epoch":2,"isr":[0]} for offline partition [iotdogs,0] (kafka.controller.OfflinePartitionLeaderSelector)
[2016-04-11 04:12:41,051] DEBUG [Partition state machine on Controller 0]: After leader election, leader cache is updated to Map([iotdogs,0] -> (Leader:0,ISR:0,LeaderEpoch:2,ControllerEpoch:3)) (kafka.controller.PartitionStateMachine)
[2016-04-11 04:12:45,463] TRACE [Controller 0]: checking need to trigger partition rebalance (kafka.controller.KafkaController)
[2016-04-11 04:12:45,483] DEBUG [Controller 0]: preferred replicas by broker Map(0 -> Map([iotdogs,0] -> List(0))) (kafka.controller.KafkaController)
[2016-04-11 04:12:45,496] DEBUG [Controller 0]: topics not in preferred replica Map() (kafka.controller.KafkaController)
[2016-04-11 04:12:45,503] TRACE [Controller 0]: leader imbalance ratio for broker 0 is 0.000000 (kafka.controller.KafkaController)
[2016-04-11 04:17:45,458] TRACE [Controller 0]: checking need to trigger partition rebalance (kafka.controller.KafkaController)
[2016-04-11 04:17:45,459] DEBUG [Controller 0]: preferred replicas by broker Map(0 -> Map([iotdogs,0] -> List(0))) (kafka.controller.KafkaController)
[2016-04-11 04:17:45,460] DEBUG [Controller 0]: topics not in preferred replica Map() (kafka.controller.KafkaController)
[2016-04-11 04:17:45,461] TRACE [Controller 0]: leader imbalance ratio for broker 0 is 0.000000 (kafka.controller.KafkaController)
[2016-04-11 04:22:45,458] TRACE [Controller 0]: checking need to trigger partition rebalance (kafka.controller.KafkaController)
[2016-04-11 04:22:45,459] DEBUG [Controller 0]: preferred replicas by broker Map(0 -> Map([iotdogs,0] -> List(0))) (kafka.controller.KafkaController)
[2016-04-11 04:22:45,460] DEBUG [Controller 0]: topics not in preferred replica Map() (kafka.controller.KafkaController)
[2016-04-11 04:22:45,460] TRACE [Controller 0]: leader imbalance ratio for broker 0 is 0.000000 (kafka.controller.KafkaController)
[2016-04-11 04:27:45,458] TRACE [Controller 0]: checking need to trigger partition rebalance (kafka.controller.KafkaController)
[2016-04-11 04:27:45,459] DEBUG [Controller 0]: preferred replicas by broker Map(0 -> Map([iotdogs,0] -> List(0))) (kafka.controller.KafkaController)
[2016-04-11 04:27:45,460] DEBUG [Controller 0]: topics not in preferred replica Map() (kafka.controller.KafkaController)
[2016-04-11 04:27:45,460] TRACE [Controller 0]: leader imbalance ratio for broker 0 is 0.000000 (kafka.controller.KafkaController)
[2016-04-11 04:32:45,459] TRACE [Controller 0]: checking need to trigger partition rebalance (kafka.controller.KafkaController)
[2016-04-11 04:32:45,460] DEBUG [Controller 0]: preferred replicas by broker Map(0 -> Map([iotdogs,0] -> List(0))) (kafka.controller.KafkaController)
[2016-04-11 04:32:45,461] DEBUG [Controller 0]: topics not in preferred replica Map() (kafka.controller.KafkaController)
[2016-04-11 04:32:45,461] TRACE [Controller 0]: leader imbalance ratio for broker 0 is 0.000000 (kafka.controller.KafkaController)
[2016-04-11 04:37:45,459] TRACE [Controller 0]: checking need to trigger partition rebalance (kafka.controller.KafkaController)
[2016-04-11 04:37:45,460] DEBUG [Controller 0]: preferred replicas by broker Map(0 -> Map([iotdogs,0] -> List(0))) (kafka.controller.KafkaController)
[2016-04-11 04:37:45,461] DEBUG [Controller 0]: topics not in preferred replica Map() (kafka.controller.KafkaController)
[2016-04-11 04:37:45,461] TRACE [Controller 0]: leader imbalance ratio for broker 0 is 0.000000 (kafka.controller.KafkaController)
[2016-04-11 04:42:45,458] TRACE [Controller 0]: checking need to trigger partition rebalance (kafka.controller.KafkaController)
[2016-04-11 04:42:45,459] DEBUG [Controller 0]: preferred replicas by broker Map(0 -> Map([iotdogs,0] -> List(0))) (kafka.controller.KafkaController)
[2016-04-11 04:42:45,459] DEBUG [Controller 0]: topics not in preferred replica Map() (kafka.controller.KafkaController)
[2016-04-11 04:42:45,460] TRACE [Controller 0]: leader imbalance ratio for broker 0 is 0.000000 (kafka.controller.KafkaController)
