OpenJDK 64-Bit Server VM (24.95-b01) for linux-amd64 JRE (1.7.0_95-b00), built on Jan 21 2016 03:31:40 by "buildd" with gcc 4.8.4
Memory: 4k page, physical 4048216k(2529556k free), swap 0k(0k free)
CommandLine flags: -XX:+CMSClassUnloadingEnabled -XX:+CMSScavengeBeforeRemark -XX:+DisableExplicitGC -XX:InitialHeapSize=1073741824 -XX:+ManagementServer -XX:MaxHeapSize=1073741824 -XX:MaxNewSize=174485504 -XX:MaxTenuringThreshold=6 -XX:NewSize=174485504 -XX:OldPLABSize=16 -XX:OldSize=348971008 -XX:+PrintGC -XX:+PrintGCDateStamps -XX:+PrintGCDetails -XX:+PrintGCTimeStamps -XX:+UseCompressedOops -XX:+UseConcMarkSweepGC -XX:+UseParNewGC 
2016-04-09T16:07:28.703+0000: 5.033: [GC [1 CMS-initial-mark: 0K(878208K)] 73674K(1031552K), 0.0192590 secs] [Times: user=0.02 sys=0.00, real=0.02 secs] 
2016-04-09T16:07:28.724+0000: 5.054: [CMS-concurrent-mark-start]
2016-04-09T16:07:28.753+0000: 5.083: [CMS-concurrent-mark: 0.028/0.029 secs] [Times: user=0.03 sys=0.00, real=0.04 secs] 
2016-04-09T16:07:28.753+0000: 5.083: [CMS-concurrent-preclean-start]
2016-04-09T16:07:28.834+0000: 5.164: [CMS-concurrent-preclean: 0.058/0.081 secs] [Times: user=0.11 sys=0.04, real=0.08 secs] 
2016-04-09T16:07:28.834+0000: 5.164: [CMS-concurrent-abortable-preclean-start]
 CMS: abort preclean due to time 2016-04-09T16:07:33.865+0000: 10.195: [CMS-concurrent-abortable-preclean: 0.187/5.030 secs] [Times: user=1.43 sys=0.23, real=5.03 secs] 
2016-04-09T16:07:33.866+0000: 10.196: [GC[YG occupancy: 92765 K (153344 K)]2016-04-09T16:07:33.866+0000: 10.197: [GC2016-04-09T16:07:33.867+0000: 10.197: [ParNew: 92765K->10559K(153344K), 0.0339240 secs] 92765K->10559K(1031552K), 0.0348370 secs] [Times: user=0.05 sys=0.01, real=0.03 secs] 
2016-04-09T16:07:33.902+0000: 10.232: [Rescan (parallel) , 0.0155690 secs]2016-04-09T16:07:33.918+0000: 10.248: [weak refs processing, 0.0003740 secs]2016-04-09T16:07:33.919+0000: 10.249: [class unloading, 0.0028480 secs]2016-04-09T16:07:33.922+0000: 10.252: [scrub symbol table, 0.0032260 secs]2016-04-09T16:07:33.926+0000: 10.256: [scrub string table, 0.0003710 secs] [1 CMS-remark: 0K(878208K)] 10559K(1031552K), 0.0615640 secs] [Times: user=0.09 sys=0.01, real=0.06 secs] 
2016-04-09T16:07:33.930+0000: 10.260: [CMS-concurrent-sweep-start]
2016-04-09T16:07:33.942+0000: 10.273: [CMS-concurrent-sweep: 0.011/0.012 secs] [Times: user=0.02 sys=0.00, real=0.01 secs] 
2016-04-09T16:07:33.944+0000: 10.274: [CMS-concurrent-reset-start]
2016-04-09T16:07:33.959+0000: 10.289: [CMS-concurrent-reset: 0.008/0.015 secs] [Times: user=0.00 sys=0.01, real=0.02 secs] 
2016-04-09T16:22:33.005+0000: 909.335: [GC2016-04-09T16:22:33.005+0000: 909.335: [ParNew: 146879K->2771K(153344K), 0.0320230 secs] 146879K->5696K(1031552K), 0.0328330 secs] [Times: user=0.06 sys=0.00, real=0.03 secs] 
2016-04-09T16:39:42.875+0000: 1939.205: [GC2016-04-09T16:39:42.876+0000: 1939.206: [ParNew: 139091K->1353K(153344K), 0.0145680 secs] 142016K->4278K(1031552K), 0.0152920 secs] [Times: user=0.03 sys=0.00, real=0.01 secs] 
2016-04-09T16:40:45.371+0000: 2001.701: [GC2016-04-09T16:40:45.371+0000: 2001.701: [ParNew: 137673K->1515K(153344K), 0.0107630 secs] 140598K->4439K(1031552K), 0.0113550 secs] [Times: user=0.03 sys=0.00, real=0.01 secs] 
2016-04-09T16:49:25.419+0000: 2521.749: [GC2016-04-09T16:49:25.419+0000: 2521.749: [ParNew: 137835K->1591K(153344K), 0.0097870 secs] 140759K->4516K(1031552K), 0.0105880 secs] [Times: user=0.02 sys=0.00, real=0.01 secs] 
2016-04-09T16:50:31.403+0000: 2587.734: [GC2016-04-09T16:50:31.404+0000: 2587.734: [ParNew: 137911K->1062K(153344K), 0.0103260 secs] 140836K->3986K(1031552K), 0.0112190 secs] [Times: user=0.02 sys=0.00, real=0.02 secs] 
2016-04-09T16:51:40.209+0000: 2656.539: [GC2016-04-09T16:51:40.209+0000: 2656.539: [ParNew: 137382K->1384K(153344K), 0.0092740 secs] 140306K->4308K(1031552K), 0.0098940 secs] [Times: user=0.02 sys=0.00, real=0.01 secs] 
2016-04-09T16:52:48.723+0000: 2725.053: [GC2016-04-09T16:52:48.723+0000: 2725.053: [ParNew: 137704K->895K(153344K), 0.0128230 secs] 140628K->3948K(1031552K), 0.0134090 secs] [Times: user=0.03 sys=0.00, real=0.02 secs] 
2016-04-09T16:53:58.848+0000: 2795.178: [GC2016-04-09T16:53:58.848+0000: 2795.178: [ParNew: 137215K->1183K(153344K), 0.0138490 secs] 140268K->4242K(1031552K), 0.0144800 secs] [Times: user=0.02 sys=0.00, real=0.01 secs] 
2016-04-09T16:55:11.308+0000: 2867.638: [GC2016-04-09T16:55:11.308+0000: 2867.638: [ParNew: 137503K->1138K(153344K), 0.0182310 secs] 140562K->4206K(1031552K), 0.0188240 secs] [Times: user=0.02 sys=0.00, real=0.02 secs] 
2016-04-09T16:56:18.554+0000: 2934.884: [GC2016-04-09T16:56:18.554+0000: 2934.884: [ParNew: 137458K->1126K(153344K), 0.0087710 secs] 140526K->4195K(1031552K), 0.0093860 secs] [Times: user=0.02 sys=0.00, real=0.00 secs] 
2016-04-09T16:57:25.838+0000: 3002.169: [GC2016-04-09T16:57:25.839+0000: 3002.169: [ParNew: 137446K->1123K(153344K), 0.0095110 secs] 140515K->4199K(1031552K), 0.0102170 secs] [Times: user=0.02 sys=0.00, real=0.01 secs] 
2016-04-09T16:58:35.399+0000: 3071.729: [GC2016-04-09T16:58:35.399+0000: 3071.729: [ParNew: 137443K->1819K(153344K), 0.0115170 secs] 140519K->4899K(1031552K), 0.0122240 secs] [Times: user=0.03 sys=0.00, real=0.01 secs] 
2016-04-09T16:59:44.923+0000: 3141.253: [GC2016-04-09T16:59:44.923+0000: 3141.253: [ParNew: 138139K->2567K(153344K), 0.0144950 secs] 141219K->5654K(1031552K), 0.0151200 secs] [Times: user=0.02 sys=0.00, real=0.02 secs] 
2016-04-09T17:00:53.407+0000: 3209.737: [GC2016-04-09T17:00:53.407+0000: 3209.737: [ParNew: 138887K->3818K(153344K), 0.0232040 secs] 141974K->6924K(1031552K), 0.0239530 secs] [Times: user=0.04 sys=0.00, real=0.02 secs] 
2016-04-09T17:02:01.742+0000: 3278.072: [GC2016-04-09T17:02:01.742+0000: 3278.072: [ParNew: 140138K->5383K(153344K), 0.0210250 secs] 143244K->8547K(1031552K), 0.0216850 secs] [Times: user=0.03 sys=0.00, real=0.02 secs] 
2016-04-09T17:03:07.685+0000: 3344.015: [GC2016-04-09T17:03:07.685+0000: 3344.016: [ParNew: 141703K->7114K(153344K), 0.0233380 secs] 144867K->10419K(1031552K), 0.0241060 secs] [Times: user=0.03 sys=0.00, real=0.02 secs] 
2016-04-09T17:04:13.602+0000: 3409.932: [GC2016-04-09T17:04:13.602+0000: 3409.932: [ParNew: 143434K->8780K(153344K), 0.0229710 secs] 146739K->12455K(1031552K), 0.0235620 secs] [Times: user=0.05 sys=0.00, real=0.03 secs] 
2016-04-09T17:05:20.380+0000: 3476.710: [GC2016-04-09T17:05:20.380+0000: 3476.710: [ParNew: 145100K->6147K(153344K), 0.0448860 secs] 148775K->10408K(1031552K), 0.0456180 secs] [Times: user=0.04 sys=0.01, real=0.05 secs] 
2016-04-09T17:06:28.263+0000: 3544.593: [GC2016-04-09T17:06:28.264+0000: 3544.594: [ParNew: 142467K->10011K(153344K), 0.0338650 secs] 146728K->15104K(1031552K), 0.0344620 secs] [Times: user=0.06 sys=0.00, real=0.04 secs] 
2016-04-09T17:07:34.373+0000: 3610.703: [GC2016-04-09T17:07:34.373+0000: 3610.703: [ParNew: 146331K->8592K(153344K), 0.0303440 secs] 151424K->14593K(1031552K), 0.0309620 secs] [Times: user=0.05 sys=0.00, real=0.02 secs] 
2016-04-09T17:08:42.631+0000: 3678.961: [GC2016-04-09T17:08:42.631+0000: 3678.962: [ParNew: 144912K->8965K(153344K), 0.0273600 secs] 150913K->15994K(1031552K), 0.0279920 secs] [Times: user=0.05 sys=0.00, real=0.03 secs] 
2016-04-09T17:09:51.340+0000: 3747.671: [GC2016-04-09T17:09:51.341+0000: 3747.671: [ParNew: 145285K->5891K(153344K), 0.0251670 secs] 152314K->13900K(1031552K), 0.0259980 secs] [Times: user=0.04 sys=0.00, real=0.03 secs] 
2016-04-09T17:10:58.518+0000: 3814.848: [GC2016-04-09T17:10:58.519+0000: 3814.849: [ParNew: 142211K->5135K(153344K), 0.0263220 secs] 150220K->14122K(1031552K), 0.0271450 secs] [Times: user=0.05 sys=0.00, real=0.03 secs] 
2016-04-09T17:12:08.131+0000: 3884.461: [GC2016-04-09T17:12:08.131+0000: 3884.462: [ParNew: 141455K->4213K(153344K), 0.0287040 secs] 150442K->14173K(1031552K), 0.0304340 secs] [Times: user=0.06 sys=0.00, real=0.03 secs] 
2016-04-09T17:13:14.781+0000: 3951.111: [GC2016-04-09T17:13:14.782+0000: 3951.112: [ParNew: 140533K->3251K(153344K), 0.0298340 secs] 150493K->14191K(1031552K), 0.0307490 secs] [Times: user=0.04 sys=0.01, real=0.03 secs] 
