[2016-04-11 04:12:37,169] INFO Verifying properties (kafka.utils.VerifiableProperties)
[2016-04-11 04:12:37,345] INFO Property broker.id is overridden to 0 (kafka.utils.VerifiableProperties)
[2016-04-11 04:12:37,346] INFO Property log.cleaner.enable is overridden to false (kafka.utils.VerifiableProperties)
[2016-04-11 04:12:37,348] INFO Property log.dirs is overridden to /tmp/kafka-logs (kafka.utils.VerifiableProperties)
[2016-04-11 04:12:37,349] INFO Property log.retention.check.interval.ms is overridden to 300000 (kafka.utils.VerifiableProperties)
[2016-04-11 04:12:37,351] INFO Property log.retention.hours is overridden to 168 (kafka.utils.VerifiableProperties)
[2016-04-11 04:12:37,353] INFO Property log.segment.bytes is overridden to 1073741824 (kafka.utils.VerifiableProperties)
[2016-04-11 04:12:37,355] INFO Property num.io.threads is overridden to 8 (kafka.utils.VerifiableProperties)
[2016-04-11 04:12:37,357] INFO Property num.network.threads is overridden to 3 (kafka.utils.VerifiableProperties)
[2016-04-11 04:12:37,359] INFO Property num.partitions is overridden to 1 (kafka.utils.VerifiableProperties)
[2016-04-11 04:12:37,360] INFO Property num.recovery.threads.per.data.dir is overridden to 1 (kafka.utils.VerifiableProperties)
[2016-04-11 04:12:37,363] INFO Property port is overridden to 9092 (kafka.utils.VerifiableProperties)
[2016-04-11 04:12:37,364] INFO Property socket.receive.buffer.bytes is overridden to 102400 (kafka.utils.VerifiableProperties)
[2016-04-11 04:12:37,367] INFO Property socket.request.max.bytes is overridden to 104857600 (kafka.utils.VerifiableProperties)
[2016-04-11 04:12:37,368] INFO Property socket.send.buffer.bytes is overridden to 102400 (kafka.utils.VerifiableProperties)
[2016-04-11 04:12:37,369] INFO Property zookeeper.connect is overridden to localhost:2181 (kafka.utils.VerifiableProperties)
[2016-04-11 04:12:37,373] INFO Property zookeeper.connection.timeout.ms is overridden to 6000 (kafka.utils.VerifiableProperties)
[2016-04-11 04:12:37,564] INFO [Kafka Server 0], starting (kafka.server.KafkaServer)
[2016-04-11 04:12:37,578] INFO [Kafka Server 0], Connecting to zookeeper on localhost:2181 (kafka.server.KafkaServer)
[2016-04-11 04:12:38,747] INFO Loading logs. (kafka.log.LogManager)
[2016-04-11 04:12:38,913] INFO Recovering unflushed segment 0 in log iotdogs-0. (kafka.log.Log)
[2016-04-11 04:12:38,988] INFO Completed load of log iotdogs-0 with log end offset 11 (kafka.log.Log)
[2016-04-11 04:12:39,097] INFO Logs loading complete. (kafka.log.LogManager)
[2016-04-11 04:12:39,101] INFO Starting log cleanup with a period of 300000 ms. (kafka.log.LogManager)
[2016-04-11 04:12:39,118] INFO Starting log flusher with a default period of 9223372036854775807 ms. (kafka.log.LogManager)
[2016-04-11 04:12:39,233] INFO Awaiting socket connections on 0.0.0.0:9092. (kafka.network.Acceptor)
[2016-04-11 04:12:39,238] INFO [Socket Server on Broker 0], Started (kafka.network.SocketServer)
[2016-04-11 04:12:39,635] INFO Will not load MX4J, mx4j-tools.jar is not in the classpath (kafka.utils.Mx4jLoader$)
[2016-04-11 04:12:39,781] INFO 0 successfully elected as leader (kafka.server.ZookeeperLeaderElector)
[2016-04-11 04:12:40,509] INFO Registered broker 0 at path /brokers/ids/0 with address 38335708ef71:9092. (kafka.utils.ZkUtils$)
[2016-04-11 04:12:40,520] INFO New leader is 0 (kafka.server.ZookeeperLeaderElector$LeaderChangeListener)
[2016-04-11 04:12:40,571] INFO [Kafka Server 0], started (kafka.server.KafkaServer)
[2016-04-11 04:12:40,603] WARN Can't read Kafka version from MANIFEST.MF. Possible cause: java.lang.NullPointerException (kafka.common.AppInfo$)
[2016-04-11 04:12:41,345] INFO [ReplicaFetcherManager on broker 0] Removed fetcher for partitions [iotdogs,0] (kafka.server.ReplicaFetcherManager)
[2016-04-11 04:12:41,508] INFO [ReplicaFetcherManager on broker 0] Removed fetcher for partitions [iotdogs,0] (kafka.server.ReplicaFetcherManager)
[2016-04-11 04:40:31,634] INFO Closing socket connection to /127.0.0.1. (kafka.network.Processor)
[2016-04-11 04:44:28,036] ERROR Closing socket for /172.17.0.4 because of error (kafka.network.Processor)
java.io.IOException: Connection reset by peer
	at sun.nio.ch.FileDispatcherImpl.read0(Native Method)
	at sun.nio.ch.SocketDispatcher.read(SocketDispatcher.java:39)
	at sun.nio.ch.IOUtil.readIntoNativeBuffer(IOUtil.java:223)
	at sun.nio.ch.IOUtil.read(IOUtil.java:197)
	at sun.nio.ch.SocketChannelImpl.read(SocketChannelImpl.java:384)
	at kafka.utils.Utils$.read(Utils.scala:380)
	at kafka.network.BoundedByteBufferReceive.readFrom(BoundedByteBufferReceive.scala:54)
	at kafka.network.Processor.read(SocketServer.scala:444)
	at kafka.network.Processor.run(SocketServer.scala:340)
	at java.lang.Thread.run(Thread.java:745)
